2020-05-15 11:23:23-log: ui-kit@1.0.0 enable
2020-05-15 11:23:23-log: ipc@1.0.0 enable
2020-05-15 11:23:23-log: preferences@1.0.0 enable
2020-05-15 11:23:25-log: console@1.0.0 enable
2020-05-15 11:23:25-log: scene@1.0.0 enable
2020-05-15 11:23:25-log: project-setting@1.0.0 enable
2020-05-15 11:23:25-log: about@1.0.0 enable
2020-05-15 11:23:25-log: server@1.0.0 enable
2020-05-15 11:23:25-log: utils@1.0.0 enable
2020-05-15 11:23:25-log: profile@1.0.0 enable
2020-05-15 11:23:25-log: assets@1.0.0 enable
2020-05-15 11:23:25-log: inspector@1.0.0 enable
2020-05-15 11:23:25-log: hierarchy@1.0.0 enable
2020-05-15 11:23:25-log: preview@1.0.0 enable
2020-05-15 11:23:25-log: animator@1.0.0 enable
2020-05-15 11:23:25-log: asset-db@1.0.0 enable
2020-05-15 11:23:25-log: builder@1.0.0 enable
2020-05-15 11:23:25-log: lightmap@1.0.0 enable
2020-05-15 11:23:25-log: alipay-mini-game@1.0.0 enable
2020-05-15 11:23:25-log: android@1.0.0 enable
2020-05-15 11:23:25-log: baidu-mini-game@1.0.0 enable
2020-05-15 11:23:25-log: cocos-play@1.0.0 enable
2020-05-15 11:23:25-log: huawei-mini-game@1.0.0 enable
2020-05-15 11:23:25-log: ios@1.0.0 enable
2020-05-15 11:23:25-log: mac@1.0.0 enable
2020-05-15 11:23:25-log: native@1.0.0 enable
2020-05-15 11:23:25-log: oppo-mini-game@1.0.0 enable
2020-05-15 11:23:25-log: vivo-mini-game@1.0.0 enable
2020-05-15 11:23:25-log: web-desktop@1.0.0 enable
2020-05-15 11:23:25-log: web-mobile@1.0.0 enable
2020-05-15 11:23:25-log: wechatgame@1.0.0 enable
2020-05-15 11:23:25-log: windows@1.0.0 enable
2020-05-15 11:23:25-log: xiaomi-quick-game@1.0.0 enable
2020-05-15 11:23:23-log: tester@1.0.0 enable
2020-05-15 11:23:25-log: engine@1.0.0 enable
2020-05-15 11:23:25-log: packager@1.0.0 enable
