2020-06-09 17:41:37-log: ui-kit@1.0.0 enable
2020-06-09 17:41:37-log: ipc@1.0.0 enable
2020-06-09 17:41:37-log: tester@1.0.0 enable
2020-06-09 17:41:37-log: preferences@1.0.0 enable
2020-06-09 17:41:40-log: asset-db@1.0.0 enable
2020-06-09 17:41:40-log: engine@1.0.0 enable
2020-06-09 17:41:40-log: console@1.0.0 enable
2020-06-09 17:41:40-log: scene@1.0.0 enable
2020-06-09 17:41:40-log: packager@1.0.0 enable
2020-06-09 17:41:40-log: project-setting@1.0.0 enable
2020-06-09 17:41:40-log: about@1.0.0 enable
2020-06-09 17:41:40-log: server@1.0.0 enable
2020-06-09 17:41:40-log: utils@1.0.0 enable
2020-06-09 17:41:40-log: profile@1.0.0 enable
2020-06-09 17:41:40-log: assets@1.0.0 enable
2020-06-09 17:41:40-log: inspector@1.0.0 enable
2020-06-09 17:41:40-log: hierarchy@1.0.0 enable
2020-06-09 17:41:40-log: preview@1.0.0 enable
2020-06-09 17:41:40-log: animator@1.0.0 enable
2020-06-09 17:41:41-log: builder@1.0.0 enable
2020-06-09 17:41:41-log: lightmap@1.0.0 enable
2020-06-09 17:41:41-log: android@1.0.0 enable
2020-06-09 17:41:41-log: alipay-mini-game@1.0.0 enable
2020-06-09 17:41:41-log: baidu-mini-game@1.0.0 enable
2020-06-09 17:41:41-log: cocos-play@1.0.0 enable
2020-06-09 17:41:41-log: huawei-mini-game@1.0.0 enable
2020-06-09 17:41:41-log: ios@1.0.0 enable
2020-06-09 17:41:41-log: mac@1.0.0 enable
2020-06-09 17:41:41-log: native@1.0.0 enable
2020-06-09 17:41:41-log: oppo-mini-game@1.0.0 enable
2020-06-09 17:41:41-log: vivo-mini-game@1.0.0 enable
2020-06-09 17:41:41-log: web-desktop@1.0.0 enable
2020-06-09 17:41:41-log: web-mobile@1.0.0 enable
2020-06-09 17:41:41-log: wechatgame@1.0.0 enable
2020-06-09 17:41:41-log: windows@1.0.0 enable
2020-06-09 17:41:41-log: xiaomi-quick-game@1.0.0 enable
2020-06-09 17:41:48-warn: [Scene] Sender does not exist
2020-06-09 17:42:20-info: asset(F:\WorkDesk\cocos3d\Aerocraft\assets\scene\Game.scene) saved
2020-06-09 17:42:33-log: web-mobile 构建模板生成成功!({link(F:\WorkDesk\cocos3d\Aerocraft\build-templates\web-mobile\index.ejs)})
2020-06-09 17:43:42-warn: [Build] Generated an empty bundle
2020-06-09 17:43:43-warn: [Build] Browserslist: caniuse-lite is outdated. Please run next command `npm update`
2020-06-09 17:48:37-warn: [Build] Generated an empty bundle
2020-06-09 17:51:44-info: asset meta saved
2020-06-09 17:52:14-warn: [Build] Generated an empty bundle
2020-06-09 17:53:30-warn: [Build] Generated an empty bundle
2020-06-09 17:54:29-info: asset(F:\WorkDesk\cocos3d\Aerocraft\assets\scene\Game.scene) saved
2020-06-09 17:54:30-info: asset(F:\WorkDesk\cocos3d\Aerocraft\assets\scene\Game.scene) saved
2020-06-09 17:56:04-warn: [Build] Generated an empty bundle
2020-06-09 17:59:41-info: asset(F:\WorkDesk\cocos3d\Aerocraft\assets\scene\Game.scene) saved
